Mx[0] = new int[] {0};
My[0] = new int[] {0};

Mx[1] = new int[] {-1, 0, 0, 1};
My[1] = new int[] {0, -1, 1, 0};

Mx[2] = new int[] {-1, -1, 1, 1};
My[2] = new int[] {-1, 1, -1, 1};

Mx[3] = new int[] {};
My[3] = new int[] {};

Mx[4] = new int[] {-2, 0, 0, 2};
My[4] = new int[] {0, -2, 2, 0};

Mx[5] = new int[] {-2, -2, -1, -1, 1, 1, 2, 2};
My[5] = new int[] {-1, 1, -2, 2, -2, 2, -1, 1};

Mx[6] = new int[] {};
My[6] = new int[] {};

Mx[7] = new int[] {};
My[7] = new int[] {};

Mx[8] = new int[] {-2, -2, 2, 2};
My[8] = new int[] {-2, 2, -2, 2};

Mx[9] = new int[] {-3, 0, 0, 3};
My[9] = new int[] {0, -3, 3, 0};

Mx[10] = new int[] {-3, -3, -1, -1, 1, 1, 3, 3};
My[10] = new int[] {-1, 1, -3, 3, -3, 3, -1, 1};

Mx[11] = new int[] {};
My[11] = new int[] {};

Mx[12] = new int[] {};
My[12] = new int[] {};

Mx[13] = new int[] {-3, -3, -2, -2, 2, 2, 3, 3};
My[13] = new int[] {-2, 2, -3, 3, -3, 3, -2, 2};

Mx[14] = new int[] {};
My[14] = new int[] {};

Mx[15] = new int[] {};
My[15] = new int[] {};

Mx[16] = new int[] {-4, 0, 0, 4};
My[16] = new int[] {0, -4, 4, 0};

Mx[17] = new int[] {-4, -4, -1, -1, 1, 1, 4, 4};
My[17] = new int[] {-1, 1, -4, 4, -4, 4, -1, 1};

Mx[18] = new int[] {-3, -3, 3, 3};
My[18] = new int[] {-3, 3, -3, 3};

Mx[19] = new int[] {};
My[19] = new int[] {};

Mx[20] = new int[] {-4, -4, -2, -2, 2, 2, 4, 4};
My[20] = new int[] {-2, 2, -4, 4, -4, 4, -2, 2};

Mx[21] = new int[] {};
My[21] = new int[] {};

Mx[22] = new int[] {};
My[22] = new int[] {};

Mx[23] = new int[] {};
My[23] = new int[] {};

Mx[24] = new int[] {};
My[24] = new int[] {};

Mx[25] = new int[] {-5, -4, -4, -3, -3, 0, 0, 3, 3, 4, 4, 5};
My[25] = new int[] {0, -3, 3, -4, 4, -5, 5, -4, 4, -3, 3, 0};

Mx[26] = new int[] {-5, -5, -1, -1, 1, 1, 5, 5};
My[26] = new int[] {-1, 1, -5, 5, -5, 5, -1, 1};

Mx[27] = new int[] {};
My[27] = new int[] {};

Mx[28] = new int[] {};
My[28] = new int[] {};

Mx[29] = new int[] {-5, -5, -2, -2, 2, 2, 5, 5};
My[29] = new int[] {-2, 2, -5, 5, -5, 5, -2, 2};

Mx[30] = new int[] {};
My[30] = new int[] {};

Mx[31] = new int[] {};
My[31] = new int[] {};

Mx[32] = new int[] {-4, -4, 4, 4};
My[32] = new int[] {-4, 4, -4, 4};

Mx[33] = new int[] {};
My[33] = new int[] {};

Mx[34] = new int[] {-5, -5, -3, -3, 3, 3, 5, 5};
My[34] = new int[] {-3, 3, -5, 5, -5, 5, -3, 3};

Mx[35] = new int[] {};
My[35] = new int[] {};

Mx[36] = new int[] {-6, 0, 0, 6};
My[36] = new int[] {0, -6, 6, 0};

Mx[37] = new int[] {-6, -6, -1, -1, 1, 1, 6, 6};
My[37] = new int[] {-1, 1, -6, 6, -6, 6, -1, 1};

Mx[38] = new int[] {};
My[38] = new int[] {};

Mx[39] = new int[] {};
My[39] = new int[] {};

Mx[40] = new int[] {-6, -6, -2, -2, 2, 2, 6, 6};
My[40] = new int[] {-2, 2, -6, 6, -6, 6, -2, 2};

Mx[41] = new int[] {-5, -5, -4, -4, 4, 4, 5, 5};
My[41] = new int[] {-4, 4, -5, 5, -5, 5, -4, 4};

Mx[42] = new int[] {};
My[42] = new int[] {};

Mx[43] = new int[] {};
My[43] = new int[] {};

Mx[44] = new int[] {};
My[44] = new int[] {};

Mx[45] = new int[] {-6, -6, -3, -3, 3, 3, 6, 6};
My[45] = new int[] {-3, 3, -6, 6, -6, 6, -3, 3};

Mx[46] = new int[] {};
My[46] = new int[] {};

Mx[47] = new int[] {};
My[47] = new int[] {};

Mx[48] = new int[] {};
My[48] = new int[] {};

Mx[49] = new int[] {-7, 0, 0, 7};
My[49] = new int[] {0, -7, 7, 0};

Mx[50] = new int[] {-7, -7, -5, -5, -1, -1, 1, 1, 5, 5, 7, 7};
My[50] = new int[] {-1, 1, -5, 5, -7, 7, -7, 7, -5, 5, -1, 1};

Mx[51] = new int[] {};
My[51] = new int[] {};

Mx[52] = new int[] {-6, -6, -4, -4, 4, 4, 6, 6};
My[52] = new int[] {-4, 4, -6, 6, -6, 6, -4, 4};

Mx[53] = new int[] {-7, -7, -2, -2, 2, 2, 7, 7};
My[53] = new int[] {-2, 2, -7, 7, -7, 7, -2, 2};

Mx[54] = new int[] {};
My[54] = new int[] {};

Mx[55] = new int[] {};
My[55] = new int[] {};

Mx[56] = new int[] {};
My[56] = new int[] {};

Mx[57] = new int[] {};
My[57] = new int[] {};

Mx[58] = new int[] {-7, -7, -3, -3, 3, 3, 7, 7};
My[58] = new int[] {-3, 3, -7, 7, -7, 7, -3, 3};

Mx[59] = new int[] {};
My[59] = new int[] {};

Mx[60] = new int[] {};
My[60] = new int[] {};

Mx[61] = new int[] {-6, -6, -5, -5, 5, 5, 6, 6};
My[61] = new int[] {-5, 5, -6, 6, -6, 6, -5, 5};

Mx[62] = new int[] {};
My[62] = new int[] {};

Mx[63] = new int[] {};
My[63] = new int[] {};

Mx[64] = new int[] {-8, 0, 0, 8};
My[64] = new int[] {0, -8, 8, 0};

Mx[65] = new int[] {-8, -8, -7, -7, -4, -4, -1, -1, 1, 1, 4, 4, 7, 7, 8, 8};
My[65] = new int[] {-1, 1, -4, 4, -7, 7, -8, 8, -8, 8, -7, 7, -4, 4, -1, 1};

Mx[66] = new int[] {};
My[66] = new int[] {};

Mx[67] = new int[] {};
My[67] = new int[] {};

Mx[68] = new int[] {-8, -8, -2, -2, 2, 2, 8, 8};
My[68] = new int[] {-2, 2, -8, 8, -8, 8, -2, 2};

Mx[69] = new int[] {};
My[69] = new int[] {};

Mx[70] = new int[] {};
My[70] = new int[] {};

Mx[71] = new int[] {};
My[71] = new int[] {};

Mx[72] = new int[] {-6, -6, 6, 6};
My[72] = new int[] {-6, 6, -6, 6};

Mx[73] = new int[] {-8, -8, -3, -3, 3, 3, 8, 8};
My[73] = new int[] {-3, 3, -8, 8, -8, 8, -3, 3};

Mx[74] = new int[] {-7, -7, -5, -5, 5, 5, 7, 7};
My[74] = new int[] {-5, 5, -7, 7, -7, 7, -5, 5};

Mx[75] = new int[] {};
My[75] = new int[] {};

Mx[76] = new int[] {};
My[76] = new int[] {};

Mx[77] = new int[] {};
My[77] = new int[] {};

Mx[78] = new int[] {};
My[78] = new int[] {};

Mx[79] = new int[] {};
My[79] = new int[] {};

Mx[80] = new int[] {-8, -8, -4, -4, 4, 4, 8, 8};
My[80] = new int[] {-4, 4, -8, 8, -8, 8, -4, 4};

Mx[81] = new int[] {-9, 0, 0, 9};
My[81] = new int[] {0, -9, 9, 0};

Mx[82] = new int[] {-9, -9, -1, -1, 1, 1, 9, 9};
My[82] = new int[] {-1, 1, -9, 9, -9, 9, -1, 1};

Mx[83] = new int[] {};
My[83] = new int[] {};

Mx[84] = new int[] {};
My[84] = new int[] {};

Mx[85] = new int[] {-9, -9, -7, -7, -6, -6, -2, -2, 2, 2, 6, 6, 7, 7, 9, 9};
My[85] = new int[] {-2, 2, -6, 6, -7, 7, -9, 9, -9, 9, -7, 7, -6, 6, -2, 2};

Mx[86] = new int[] {};
My[86] = new int[] {};

Mx[87] = new int[] {};
My[87] = new int[] {};

Mx[88] = new int[] {};
My[88] = new int[] {};

Mx[89] = new int[] {-8, -8, -5, -5, 5, 5, 8, 8};
My[89] = new int[] {-5, 5, -8, 8, -8, 8, -5, 5};

Mx[90] = new int[] {-9, -9, -3, -3, 3, 3, 9, 9};
My[90] = new int[] {-3, 3, -9, 9, -9, 9, -3, 3};

Mx[91] = new int[] {};
My[91] = new int[] {};

Mx[92] = new int[] {};
My[92] = new int[] {};

Mx[93] = new int[] {};
My[93] = new int[] {};

Mx[94] = new int[] {};
My[94] = new int[] {};

Mx[95] = new int[] {};
My[95] = new int[] {};

Mx[96] = new int[] {};
My[96] = new int[] {};

Mx[97] = new int[] {-9, -9, -4, -4, 4, 4, 9, 9};
My[97] = new int[] {-4, 4, -9, 9, -9, 9, -4, 4};

Mx[98] = new int[] {-7, -7, 7, 7};
My[98] = new int[] {-7, 7, -7, 7};

Mx[99] = new int[] {};
My[99] = new int[] {};

Mx[100] = new int[] {-10, -8, -8, -6, -6, 0, 0, 6, 6, 8, 8, 10};
My[100] = new int[] {0, -6, 6, -8, 8, -10, 10, -8, 8, -6, 6, 0};

